2024-06-28 16:04:12,652 [Worker-5: Loading available Gradle versions] INFO  o.e.b.c.i.u.g.PublishedGradleVersions - Gradle version information cache is up-to-date. Trying to read.
2024-06-28 18:30:00,409 [Worker-2: Loading available Gradle versions] INFO  o.e.b.c.i.u.g.PublishedGradleVersions - Gradle version information cache is up-to-date. Trying to read.
2024-06-29 11:51:22,048 [Worker-1: Loading available Gradle versions] INFO  o.e.b.c.i.u.g.PublishedGradleVersions - Gradle version information cache is up-to-date. Trying to read.
2024-06-29 17:40:12,192 [Worker-0: Loading available Gradle versions] INFO  o.e.b.c.i.u.g.PublishedGradleVersions - Gradle version information cache is out-of-date. Trying to update.
2024-06-29 17:40:12,811 [Worker-0: Loading available Gradle versions] INFO  o.e.b.c.i.u.g.PublishedGradleVersions - Updating Gradle version information cache failed. Using outdated cache.
2024-06-30 09:45:14,653 [Worker-20: Loading available Gradle versions] INFO  o.e.b.c.i.u.g.PublishedGradleVersions - Gradle version information cache is out-of-date. Trying to update.
2024-06-30 09:45:14,788 [Worker-20: Loading available Gradle versions] INFO  o.e.b.c.i.u.g.PublishedGradleVersions - Updating Gradle version information cache failed. Using outdated cache.
2024-06-30 10:20:28,798 [Worker-27: Launching mavenrun-23f8691f-a2bd-4f02-9869-49ecb6b1206f] INFO  o.eclipse.m2e.core.internal.Bundles - getClasspathEntries(Bundle=org.eclipse.m2e.maven.runtime_3.9.500.20231113-2345 [629])
2024-06-30 10:20:28,800 [Worker-27: Launching mavenrun-23f8691f-a2bd-4f02-9869-49ecb6b1206f] INFO  o.eclipse.m2e.core.internal.Bundles - 	Entry: C:\software\eclipse-jee-2023-12-R-win32-x86_64\eclipse\plugins\org.eclipse.m2e.maven.runtime_3.9.500.20231113-2345
2024-06-30 10:20:28,800 [Worker-27: Launching mavenrun-23f8691f-a2bd-4f02-9869-49ecb6b1206f] INFO  o.eclipse.m2e.core.internal.Bundles - 	Entry: C:\software\eclipse-jee-2023-12-R-win32-x86_64\eclipse\plugins\org.eclipse.m2e.maven.runtime_3.9.500.20231113-2345\jars\aopalliance-1.0.jar
2024-06-30 10:20:28,800 [Worker-27: Launching mavenrun-23f8691f-a2bd-4f02-9869-49ecb6b1206f] INFO  o.eclipse.m2e.core.internal.Bundles - 	Entry: C:\software\eclipse-jee-2023-12-R-win32-x86_64\eclipse\plugins\org.eclipse.m2e.maven.runtime_3.9.500.20231113-2345\jars\guice-5.1.0.jar
2024-06-30 10:20:28,800 [Worker-27: Launching mavenrun-23f8691f-a2bd-4f02-9869-49ecb6b1206f] INFO  o.eclipse.m2e.core.internal.Bundles - 	Entry: C:\software\eclipse-jee-2023-12-R-win32-x86_64\eclipse\plugins\org.eclipse.m2e.maven.runtime_3.9.500.20231113-2345\jars\httpclient-4.5.14.jar
2024-06-30 10:20:28,800 [Worker-27: Launching mavenrun-23f8691f-a2bd-4f02-9869-49ecb6b1206f] INFO  o.eclipse.m2e.core.internal.Bundles - 	Entry: C:\software\eclipse-jee-2023-12-R-win32-x86_64\eclipse\plugins\org.eclipse.m2e.maven.runtime_3.9.500.20231113-2345\jars\httpcore-4.4.16.jar
2024-06-30 10:20:28,801 [Worker-27: Launching mavenrun-23f8691f-a2bd-4f02-9869-49ecb6b1206f] INFO  o.eclipse.m2e.core.internal.Bundles - 	Entry: C:\software\eclipse-jee-2023-12-R-win32-x86_64\eclipse\plugins\org.eclipse.m2e.maven.runtime_3.9.500.20231113-2345\jars\jansi-2.4.0.jar
2024-06-30 10:20:28,801 [Worker-27: Launching mavenrun-23f8691f-a2bd-4f02-9869-49ecb6b1206f] INFO  o.eclipse.m2e.core.internal.Bundles - 	Entry: C:\software\eclipse-jee-2023-12-R-win32-x86_64\eclipse\plugins\org.eclipse.m2e.maven.runtime_3.9.500.20231113-2345\jars\jcl-over-slf4j-1.7.36.jar
2024-06-30 10:20:28,801 [Worker-27: Launching mavenrun-23f8691f-a2bd-4f02-9869-49ecb6b1206f] INFO  o.eclipse.m2e.core.internal.Bundles - 	Entry: C:\software\eclipse-jee-2023-12-R-win32-x86_64\eclipse\plugins\org.eclipse.m2e.maven.runtime_3.9.500.20231113-2345\jars\maven-artifact-3.9.5.jar
2024-06-30 10:20:28,801 [Worker-27: Launching mavenrun-23f8691f-a2bd-4f02-9869-49ecb6b1206f] INFO  o.eclipse.m2e.core.internal.Bundles - 	Entry: C:\software\eclipse-jee-2023-12-R-win32-x86_64\eclipse\plugins\org.eclipse.m2e.maven.runtime_3.9.500.20231113-2345\jars\maven-builder-support-3.9.5.jar
2024-06-30 10:20:28,801 [Worker-27: Launching mavenrun-23f8691f-a2bd-4f02-9869-49ecb6b1206f] INFO  o.eclipse.m2e.core.internal.Bundles - 	Entry: C:\software\eclipse-jee-2023-12-R-win32-x86_64\eclipse\plugins\org.eclipse.m2e.maven.runtime_3.9.500.20231113-2345\jars\maven-compat-3.9.5.jar
2024-06-30 10:20:28,801 [Worker-27: Launching mavenrun-23f8691f-a2bd-4f02-9869-49ecb6b1206f] INFO  o.eclipse.m2e.core.internal.Bundles - 	Entry: C:\software\eclipse-jee-2023-12-R-win32-x86_64\eclipse\plugins\org.eclipse.m2e.maven.runtime_3.9.500.20231113-2345\jars\maven-core-3.9.5.jar
2024-06-30 10:20:28,802 [Worker-27: Launching mavenrun-23f8691f-a2bd-4f02-9869-49ecb6b1206f] INFO  o.eclipse.m2e.core.internal.Bundles - 	Entry: C:\software\eclipse-jee-2023-12-R-win32-x86_64\eclipse\plugins\org.eclipse.m2e.maven.runtime_3.9.500.20231113-2345\jars\maven-embedder-3.9.5.jar
2024-06-30 10:20:28,802 [Worker-27: Launching mavenrun-23f8691f-a2bd-4f02-9869-49ecb6b1206f] INFO  o.eclipse.m2e.core.internal.Bundles - 	Entry: C:\software\eclipse-jee-2023-12-R-win32-x86_64\eclipse\plugins\org.eclipse.m2e.maven.runtime_3.9.500.20231113-2345\jars\maven-model-3.9.5.jar
2024-06-30 10:20:28,802 [Worker-27: Launching mavenrun-23f8691f-a2bd-4f02-9869-49ecb6b1206f] INFO  o.eclipse.m2e.core.internal.Bundles - 	Entry: C:\software\eclipse-jee-2023-12-R-win32-x86_64\eclipse\plugins\org.eclipse.m2e.maven.runtime_3.9.500.20231113-2345\jars\maven-model-builder-3.9.5.jar
2024-06-30 10:20:28,802 [Worker-27: Launching mavenrun-23f8691f-a2bd-4f02-9869-49ecb6b1206f] INFO  o.eclipse.m2e.core.internal.Bundles - 	Entry: C:\software\eclipse-jee-2023-12-R-win32-x86_64\eclipse\plugins\org.eclipse.m2e.maven.runtime_3.9.500.20231113-2345\jars\maven-plugin-api-3.9.5.jar
2024-06-30 10:20:28,802 [Worker-27: Launching mavenrun-23f8691f-a2bd-4f02-9869-49ecb6b1206f] INFO  o.eclipse.m2e.core.internal.Bundles - 	Entry: C:\software\eclipse-jee-2023-12-R-win32-x86_64\eclipse\plugins\org.eclipse.m2e.maven.runtime_3.9.500.20231113-2345\jars\maven-repository-metadata-3.9.5.jar
2024-06-30 10:20:28,803 [Worker-27: Launching mavenrun-23f8691f-a2bd-4f02-9869-49ecb6b1206f] INFO  o.eclipse.m2e.core.internal.Bundles - 	Entry: C:\software\eclipse-jee-2023-12-R-win32-x86_64\eclipse\plugins\org.eclipse.m2e.maven.runtime_3.9.500.20231113-2345\jars\maven-resolver-api-1.9.16.jar
2024-06-30 10:20:28,803 [Worker-27: Launching mavenrun-23f8691f-a2bd-4f02-9869-49ecb6b1206f] INFO  o.eclipse.m2e.core.internal.Bundles - 	Entry: C:\software\eclipse-jee-2023-12-R-win32-x86_64\eclipse\plugins\org.eclipse.m2e.maven.runtime_3.9.500.20231113-2345\jars\maven-resolver-connector-basic-1.9.16.jar
2024-06-30 10:20:28,803 [Worker-27: Launching mavenrun-23f8691f-a2bd-4f02-9869-49ecb6b1206f] INFO  o.eclipse.m2e.core.internal.Bundles - 	Entry: C:\software\eclipse-jee-2023-12-R-win32-x86_64\eclipse\plugins\org.eclipse.m2e.maven.runtime_3.9.500.20231113-2345\jars\maven-resolver-impl-1.9.16.jar
2024-06-30 10:20:28,803 [Worker-27: Launching mavenrun-23f8691f-a2bd-4f02-9869-49ecb6b1206f] INFO  o.eclipse.m2e.core.internal.Bundles - 	Entry: C:\software\eclipse-jee-2023-12-R-win32-x86_64\eclipse\plugins\org.eclipse.m2e.maven.runtime_3.9.500.20231113-2345\jars\maven-resolver-named-locks-1.9.16.jar
2024-06-30 10:20:28,803 [Worker-27: Launching mavenrun-23f8691f-a2bd-4f02-9869-49ecb6b1206f] INFO  o.eclipse.m2e.core.internal.Bundles - 	Entry: C:\software\eclipse-jee-2023-12-R-win32-x86_64\eclipse\plugins\org.eclipse.m2e.maven.runtime_3.9.500.20231113-2345\jars\maven-resolver-provider-3.9.5.jar
2024-06-30 10:20:28,803 [Worker-27: Launching mavenrun-23f8691f-a2bd-4f02-9869-49ecb6b1206f] INFO  o.eclipse.m2e.core.internal.Bundles - 	Entry: C:\software\eclipse-jee-2023-12-R-win32-x86_64\eclipse\plugins\org.eclipse.m2e.maven.runtime_3.9.500.20231113-2345\jars\maven-resolver-spi-1.9.16.jar
2024-06-30 10:20:28,804 [Worker-27: Launching mavenrun-23f8691f-a2bd-4f02-9869-49ecb6b1206f] INFO  o.eclipse.m2e.core.internal.Bundles - 	Entry: C:\software\eclipse-jee-2023-12-R-win32-x86_64\eclipse\plugins\org.eclipse.m2e.maven.runtime_3.9.500.20231113-2345\jars\maven-resolver-transport-file-1.9.16.jar
2024-06-30 10:20:28,804 [Worker-27: Launching mavenrun-23f8691f-a2bd-4f02-9869-49ecb6b1206f] INFO  o.eclipse.m2e.core.internal.Bundles - 	Entry: C:\software\eclipse-jee-2023-12-R-win32-x86_64\eclipse\plugins\org.eclipse.m2e.maven.runtime_3.9.500.20231113-2345\jars\maven-resolver-transport-http-1.9.16.jar
2024-06-30 10:20:28,804 [Worker-27: Launching mavenrun-23f8691f-a2bd-4f02-9869-49ecb6b1206f] INFO  o.eclipse.m2e.core.internal.Bundles - 	Entry: C:\software\eclipse-jee-2023-12-R-win32-x86_64\eclipse\plugins\org.eclipse.m2e.maven.runtime_3.9.500.20231113-2345\jars\maven-resolver-transport-wagon-1.9.16.jar
2024-06-30 10:20:28,804 [Worker-27: Launching mavenrun-23f8691f-a2bd-4f02-9869-49ecb6b1206f] INFO  o.eclipse.m2e.core.internal.Bundles - 	Entry: C:\software\eclipse-jee-2023-12-R-win32-x86_64\eclipse\plugins\org.eclipse.m2e.maven.runtime_3.9.500.20231113-2345\jars\maven-resolver-util-1.9.16.jar
2024-06-30 10:20:28,804 [Worker-27: Launching mavenrun-23f8691f-a2bd-4f02-9869-49ecb6b1206f] INFO  o.eclipse.m2e.core.internal.Bundles - 	Entry: C:\software\eclipse-jee-2023-12-R-win32-x86_64\eclipse\plugins\org.eclipse.m2e.maven.runtime_3.9.500.20231113-2345\jars\maven-settings-3.9.5.jar
2024-06-30 10:20:28,804 [Worker-27: Launching mavenrun-23f8691f-a2bd-4f02-9869-49ecb6b1206f] INFO  o.eclipse.m2e.core.internal.Bundles - 	Entry: C:\software\eclipse-jee-2023-12-R-win32-x86_64\eclipse\plugins\org.eclipse.m2e.maven.runtime_3.9.500.20231113-2345\jars\maven-settings-builder-3.9.5.jar
2024-06-30 10:20:28,804 [Worker-27: Launching mavenrun-23f8691f-a2bd-4f02-9869-49ecb6b1206f] INFO  o.eclipse.m2e.core.internal.Bundles - 	Entry: C:\software\eclipse-jee-2023-12-R-win32-x86_64\eclipse\plugins\org.eclipse.m2e.maven.runtime_3.9.500.20231113-2345\jars\maven-shared-utils-3.3.4.jar
2024-06-30 10:20:28,805 [Worker-27: Launching mavenrun-23f8691f-a2bd-4f02-9869-49ecb6b1206f] INFO  o.eclipse.m2e.core.internal.Bundles - 	Entry: C:\software\eclipse-jee-2023-12-R-win32-x86_64\eclipse\plugins\org.eclipse.m2e.maven.runtime_3.9.500.20231113-2345\jars\org.eclipse.sisu.inject-0.3.5.jar
2024-06-30 10:20:28,805 [Worker-27: Launching mavenrun-23f8691f-a2bd-4f02-9869-49ecb6b1206f] INFO  o.eclipse.m2e.core.internal.Bundles - 	Entry: C:\software\eclipse-jee-2023-12-R-win32-x86_64\eclipse\plugins\org.eclipse.m2e.maven.runtime_3.9.500.20231113-2345\jars\org.eclipse.sisu.plexus-0.3.5.jar
2024-06-30 10:20:28,805 [Worker-27: Launching mavenrun-23f8691f-a2bd-4f02-9869-49ecb6b1206f] INFO  o.eclipse.m2e.core.internal.Bundles - 	Entry: C:\software\eclipse-jee-2023-12-R-win32-x86_64\eclipse\plugins\org.eclipse.m2e.maven.runtime_3.9.500.20231113-2345\jars\plexus-build-api-0.0.7.jar
2024-06-30 10:20:28,805 [Worker-27: Launching mavenrun-23f8691f-a2bd-4f02-9869-49ecb6b1206f] INFO  o.eclipse.m2e.core.internal.Bundles - 	Entry: C:\software\eclipse-jee-2023-12-R-win32-x86_64\eclipse\plugins\org.eclipse.m2e.maven.runtime_3.9.500.20231113-2345\jars\plexus-cipher-2.0.jar
2024-06-30 10:20:28,805 [Worker-27: Launching mavenrun-23f8691f-a2bd-4f02-9869-49ecb6b1206f] INFO  o.eclipse.m2e.core.internal.Bundles - 	Entry: C:\software\eclipse-jee-2023-12-R-win32-x86_64\eclipse\plugins\org.eclipse.m2e.maven.runtime_3.9.500.20231113-2345\jars\plexus-classworlds-2.7.0.jar
2024-06-30 10:20:28,806 [Worker-27: Launching mavenrun-23f8691f-a2bd-4f02-9869-49ecb6b1206f] INFO  o.eclipse.m2e.core.internal.Bundles - 	Entry: C:\software\eclipse-jee-2023-12-R-win32-x86_64\eclipse\plugins\org.eclipse.m2e.maven.runtime_3.9.500.20231113-2345\jars\plexus-component-annotations-2.1.0.jar
2024-06-30 10:20:28,806 [Worker-27: Launching mavenrun-23f8691f-a2bd-4f02-9869-49ecb6b1206f] INFO  o.eclipse.m2e.core.internal.Bundles - 	Entry: C:\software\eclipse-jee-2023-12-R-win32-x86_64\eclipse\plugins\org.eclipse.m2e.maven.runtime_3.9.500.20231113-2345\jars\plexus-interpolation-1.26.jar
2024-06-30 10:20:28,806 [Worker-27: Launching mavenrun-23f8691f-a2bd-4f02-9869-49ecb6b1206f] INFO  o.eclipse.m2e.core.internal.Bundles - 	Entry: C:\software\eclipse-jee-2023-12-R-win32-x86_64\eclipse\plugins\org.eclipse.m2e.maven.runtime_3.9.500.20231113-2345\jars\plexus-sec-dispatcher-2.0.jar
2024-06-30 10:20:28,806 [Worker-27: Launching mavenrun-23f8691f-a2bd-4f02-9869-49ecb6b1206f] INFO  o.eclipse.m2e.core.internal.Bundles - 	Entry: C:\software\eclipse-jee-2023-12-R-win32-x86_64\eclipse\plugins\org.eclipse.m2e.maven.runtime_3.9.500.20231113-2345\jars\plexus-utils-3.5.1.jar
2024-06-30 10:20:28,807 [Worker-27: Launching mavenrun-23f8691f-a2bd-4f02-9869-49ecb6b1206f] INFO  o.eclipse.m2e.core.internal.Bundles - 	Entry: C:\software\eclipse-jee-2023-12-R-win32-x86_64\eclipse\plugins\org.eclipse.m2e.maven.runtime_3.9.500.20231113-2345\jars\wagon-file-3.5.3.jar
2024-06-30 10:20:28,807 [Worker-27: Launching mavenrun-23f8691f-a2bd-4f02-9869-49ecb6b1206f] INFO  o.eclipse.m2e.core.internal.Bundles - 	Entry: C:\software\eclipse-jee-2023-12-R-win32-x86_64\eclipse\plugins\org.eclipse.m2e.maven.runtime_3.9.500.20231113-2345\jars\wagon-http-3.5.3.jar
2024-06-30 10:20:28,807 [Worker-27: Launching mavenrun-23f8691f-a2bd-4f02-9869-49ecb6b1206f] INFO  o.eclipse.m2e.core.internal.Bundles - 	Entry: C:\software\eclipse-jee-2023-12-R-win32-x86_64\eclipse\plugins\org.eclipse.m2e.maven.runtime_3.9.500.20231113-2345\jars\wagon-http-shared-3.5.3.jar
2024-06-30 10:20:28,807 [Worker-27: Launching mavenrun-23f8691f-a2bd-4f02-9869-49ecb6b1206f] INFO  o.eclipse.m2e.core.internal.Bundles - 	Entry: C:\software\eclipse-jee-2023-12-R-win32-x86_64\eclipse\plugins\org.eclipse.m2e.maven.runtime_3.9.500.20231113-2345\jars\wagon-provider-api-3.5.3.jar
2024-06-30 10:20:28,809 [Worker-27: Launching mavenrun-23f8691f-a2bd-4f02-9869-49ecb6b1206f] INFO  o.eclipse.m2e.core.internal.Bundles - getClasspathEntries(Bundle=com.google.guava_32.1.3.jre [12])
2024-06-30 10:20:28,810 [Worker-27: Launching mavenrun-23f8691f-a2bd-4f02-9869-49ecb6b1206f] INFO  o.eclipse.m2e.core.internal.Bundles - 	Entry: C:\software\eclipse-jee-2023-12-R-win32-x86_64\eclipse\plugins\com.google.guava_32.1.3.jre.jar
2024-06-30 10:20:28,810 [Worker-27: Launching mavenrun-23f8691f-a2bd-4f02-9869-49ecb6b1206f] INFO  o.eclipse.m2e.core.internal.Bundles - getClasspathEntries(Bundle=slf4j.api_2.0.9 [989])
2024-06-30 10:20:28,812 [Worker-27: Launching mavenrun-23f8691f-a2bd-4f02-9869-49ecb6b1206f] INFO  o.eclipse.m2e.core.internal.Bundles - 	Entry: C:\software\eclipse-jee-2023-12-R-win32-x86_64\eclipse\plugins\slf4j.api_2.0.9.jar
2024-06-30 10:20:28,812 [Worker-27: Launching mavenrun-23f8691f-a2bd-4f02-9869-49ecb6b1206f] INFO  o.eclipse.m2e.core.internal.Bundles - getClasspathEntries(Bundle=jakarta.inject.jakarta.inject-api_1.0.5 [29])
2024-06-30 10:20:28,812 [Worker-27: Launching mavenrun-23f8691f-a2bd-4f02-9869-49ecb6b1206f] INFO  o.eclipse.m2e.core.internal.Bundles - 	Entry: C:\software\eclipse-jee-2023-12-R-win32-x86_64\eclipse\plugins\jakarta.inject.jakarta.inject-api_1.0.5.jar
2024-06-30 10:20:28,812 [Worker-27: Launching mavenrun-23f8691f-a2bd-4f02-9869-49ecb6b1206f] INFO  o.eclipse.m2e.core.internal.Bundles - getClasspathEntries(Bundle=jakarta.annotation-api_1.3.5 [24])
2024-06-30 10:20:28,812 [Worker-27: Launching mavenrun-23f8691f-a2bd-4f02-9869-49ecb6b1206f] INFO  o.eclipse.m2e.core.internal.Bundles - 	Entry: C:\software\eclipse-jee-2023-12-R-win32-x86_64\eclipse\plugins\jakarta.annotation-api_1.3.5.jar
2024-06-30 10:20:28,812 [Worker-27: Launching mavenrun-23f8691f-a2bd-4f02-9869-49ecb6b1206f] INFO  o.eclipse.m2e.core.internal.Bundles - getClasspathEntries(Bundle=org.apache.commons.cli_1.6.0 [71])
2024-06-30 10:20:28,813 [Worker-27: Launching mavenrun-23f8691f-a2bd-4f02-9869-49ecb6b1206f] INFO  o.eclipse.m2e.core.internal.Bundles - 	Entry: C:\software\eclipse-jee-2023-12-R-win32-x86_64\eclipse\plugins\org.apache.commons.cli_1.6.0.jar
2024-06-30 10:20:28,813 [Worker-27: Launching mavenrun-23f8691f-a2bd-4f02-9869-49ecb6b1206f] INFO  o.eclipse.m2e.core.internal.Bundles - getClasspathEntries(Bundle=org.apache.commons.commons-codec_1.16.0 [75])
2024-06-30 10:20:28,813 [Worker-27: Launching mavenrun-23f8691f-a2bd-4f02-9869-49ecb6b1206f] INFO  o.eclipse.m2e.core.internal.Bundles - 	Entry: C:\software\eclipse-jee-2023-12-R-win32-x86_64\eclipse\plugins\org.apache.commons.commons-codec_1.16.0.jar
2024-06-30 10:20:28,814 [Worker-27: Launching mavenrun-23f8691f-a2bd-4f02-9869-49ecb6b1206f] INFO  o.eclipse.m2e.core.internal.Bundles - getClasspathEntries(Bundle=org.apache.commons.lang3_3.13.0 [82])
2024-06-30 10:20:28,814 [Worker-27: Launching mavenrun-23f8691f-a2bd-4f02-9869-49ecb6b1206f] INFO  o.eclipse.m2e.core.internal.Bundles - 	Entry: C:\software\eclipse-jee-2023-12-R-win32-x86_64\eclipse\plugins\org.apache.commons.lang3_3.13.0.jar
2024-06-30 10:20:28,814 [Worker-27: Launching mavenrun-23f8691f-a2bd-4f02-9869-49ecb6b1206f] INFO  o.eclipse.m2e.core.internal.Bundles - getClasspathEntries(Bundle=com.google.guava.failureaccess_1.0.2 [13])
2024-06-30 10:20:28,814 [Worker-27: Launching mavenrun-23f8691f-a2bd-4f02-9869-49ecb6b1206f] INFO  o.eclipse.m2e.core.internal.Bundles - 	Entry: C:\software\eclipse-jee-2023-12-R-win32-x86_64\eclipse\plugins\com.google.guava.failureaccess_1.0.2.jar
2024-06-30 10:20:28,819 [Worker-27: Launching mavenrun-23f8691f-a2bd-4f02-9869-49ecb6b1206f] INFO  o.e.m.i.launch.MavenLaunchDelegate - Run build in "C:\Users\asmin\AppData\Local\Temp\m2e-archetypeGenerator4408066703365538659":
2024-06-30 10:20:28,820 [Worker-27: Launching mavenrun-23f8691f-a2bd-4f02-9869-49ecb6b1206f] INFO  o.e.m.i.launch.MavenLaunchDelegate -  mvn  -DarchetypeGroupId=org.apache.maven.archetypes -DarchetypeArtifactId=maven-archetype-quickstart -DarchetypeVersion=1.1 -DgroupId=com.asmin.test -DartifactId=TEST -Dversion=0.0.1-SNAPSHOT -Dpackage=com.asmin.test.TEST -DoutputDirectory=D:\Ecllipse\HIBERNATE -Dstyle.color=always -U archetype:generate
2024-06-30 10:21:42,941 [Worker-33: Launching mavenrun-d003659b-c365-4879-bd79-c0778c98d398] INFO  o.eclipse.m2e.core.internal.Bundles - getClasspathEntries(Bundle=org.eclipse.m2e.maven.runtime_3.9.500.20231113-2345 [629])
2024-06-30 10:21:42,942 [Worker-33: Launching mavenrun-d003659b-c365-4879-bd79-c0778c98d398] INFO  o.eclipse.m2e.core.internal.Bundles - 	Entry: C:\software\eclipse-jee-2023-12-R-win32-x86_64\eclipse\plugins\org.eclipse.m2e.maven.runtime_3.9.500.20231113-2345
2024-06-30 10:21:42,943 [Worker-33: Launching mavenrun-d003659b-c365-4879-bd79-c0778c98d398] INFO  o.eclipse.m2e.core.internal.Bundles - 	Entry: C:\software\eclipse-jee-2023-12-R-win32-x86_64\eclipse\plugins\org.eclipse.m2e.maven.runtime_3.9.500.20231113-2345\jars\aopalliance-1.0.jar
2024-06-30 10:21:42,943 [Worker-33: Launching mavenrun-d003659b-c365-4879-bd79-c0778c98d398] INFO  o.eclipse.m2e.core.internal.Bundles - 	Entry: C:\software\eclipse-jee-2023-12-R-win32-x86_64\eclipse\plugins\org.eclipse.m2e.maven.runtime_3.9.500.20231113-2345\jars\guice-5.1.0.jar
2024-06-30 10:21:42,943 [Worker-33: Launching mavenrun-d003659b-c365-4879-bd79-c0778c98d398] INFO  o.eclipse.m2e.core.internal.Bundles - 	Entry: C:\software\eclipse-jee-2023-12-R-win32-x86_64\eclipse\plugins\org.eclipse.m2e.maven.runtime_3.9.500.20231113-2345\jars\httpclient-4.5.14.jar
2024-06-30 10:21:42,944 [Worker-33: Launching mavenrun-d003659b-c365-4879-bd79-c0778c98d398] INFO  o.eclipse.m2e.core.internal.Bundles - 	Entry: C:\software\eclipse-jee-2023-12-R-win32-x86_64\eclipse\plugins\org.eclipse.m2e.maven.runtime_3.9.500.20231113-2345\jars\httpcore-4.4.16.jar
2024-06-30 10:21:42,944 [Worker-33: Launching mavenrun-d003659b-c365-4879-bd79-c0778c98d398] INFO  o.eclipse.m2e.core.internal.Bundles - 	Entry: C:\software\eclipse-jee-2023-12-R-win32-x86_64\eclipse\plugins\org.eclipse.m2e.maven.runtime_3.9.500.20231113-2345\jars\jansi-2.4.0.jar
2024-06-30 10:21:42,944 [Worker-33: Launching mavenrun-d003659b-c365-4879-bd79-c0778c98d398] INFO  o.eclipse.m2e.core.internal.Bundles - 	Entry: C:\software\eclipse-jee-2023-12-R-win32-x86_64\eclipse\plugins\org.eclipse.m2e.maven.runtime_3.9.500.20231113-2345\jars\jcl-over-slf4j-1.7.36.jar
2024-06-30 10:21:42,944 [Worker-33: Launching mavenrun-d003659b-c365-4879-bd79-c0778c98d398] INFO  o.eclipse.m2e.core.internal.Bundles - 	Entry: C:\software\eclipse-jee-2023-12-R-win32-x86_64\eclipse\plugins\org.eclipse.m2e.maven.runtime_3.9.500.20231113-2345\jars\maven-artifact-3.9.5.jar
2024-06-30 10:21:42,944 [Worker-33: Launching mavenrun-d003659b-c365-4879-bd79-c0778c98d398] INFO  o.eclipse.m2e.core.internal.Bundles - 	Entry: C:\software\eclipse-jee-2023-12-R-win32-x86_64\eclipse\plugins\org.eclipse.m2e.maven.runtime_3.9.500.20231113-2345\jars\maven-builder-support-3.9.5.jar
2024-06-30 10:21:42,944 [Worker-33: Launching mavenrun-d003659b-c365-4879-bd79-c0778c98d398] INFO  o.eclipse.m2e.core.internal.Bundles - 	Entry: C:\software\eclipse-jee-2023-12-R-win32-x86_64\eclipse\plugins\org.eclipse.m2e.maven.runtime_3.9.500.20231113-2345\jars\maven-compat-3.9.5.jar
2024-06-30 10:21:42,944 [Worker-33: Launching mavenrun-d003659b-c365-4879-bd79-c0778c98d398] INFO  o.eclipse.m2e.core.internal.Bundles - 	Entry: C:\software\eclipse-jee-2023-12-R-win32-x86_64\eclipse\plugins\org.eclipse.m2e.maven.runtime_3.9.500.20231113-2345\jars\maven-core-3.9.5.jar
2024-06-30 10:21:42,944 [Worker-33: Launching mavenrun-d003659b-c365-4879-bd79-c0778c98d398] INFO  o.eclipse.m2e.core.internal.Bundles - 	Entry: C:\software\eclipse-jee-2023-12-R-win32-x86_64\eclipse\plugins\org.eclipse.m2e.maven.runtime_3.9.500.20231113-2345\jars\maven-embedder-3.9.5.jar
2024-06-30 10:21:42,945 [Worker-33: Launching mavenrun-d003659b-c365-4879-bd79-c0778c98d398] INFO  o.eclipse.m2e.core.internal.Bundles - 	Entry: C:\software\eclipse-jee-2023-12-R-win32-x86_64\eclipse\plugins\org.eclipse.m2e.maven.runtime_3.9.500.20231113-2345\jars\maven-model-3.9.5.jar
2024-06-30 10:21:42,945 [Worker-33: Launching mavenrun-d003659b-c365-4879-bd79-c0778c98d398] INFO  o.eclipse.m2e.core.internal.Bundles - 	Entry: C:\software\eclipse-jee-2023-12-R-win32-x86_64\eclipse\plugins\org.eclipse.m2e.maven.runtime_3.9.500.20231113-2345\jars\maven-model-builder-3.9.5.jar
2024-06-30 10:21:42,945 [Worker-33: Launching mavenrun-d003659b-c365-4879-bd79-c0778c98d398] INFO  o.eclipse.m2e.core.internal.Bundles - 	Entry: C:\software\eclipse-jee-2023-12-R-win32-x86_64\eclipse\plugins\org.eclipse.m2e.maven.runtime_3.9.500.20231113-2345\jars\maven-plugin-api-3.9.5.jar
2024-06-30 10:21:42,945 [Worker-33: Launching mavenrun-d003659b-c365-4879-bd79-c0778c98d398] INFO  o.eclipse.m2e.core.internal.Bundles - 	Entry: C:\software\eclipse-jee-2023-12-R-win32-x86_64\eclipse\plugins\org.eclipse.m2e.maven.runtime_3.9.500.20231113-2345\jars\maven-repository-metadata-3.9.5.jar
2024-06-30 10:21:42,946 [Worker-33: Launching mavenrun-d003659b-c365-4879-bd79-c0778c98d398] INFO  o.eclipse.m2e.core.internal.Bundles - 	Entry: C:\software\eclipse-jee-2023-12-R-win32-x86_64\eclipse\plugins\org.eclipse.m2e.maven.runtime_3.9.500.20231113-2345\jars\maven-resolver-api-1.9.16.jar
2024-06-30 10:21:42,946 [Worker-33: Launching mavenrun-d003659b-c365-4879-bd79-c0778c98d398] INFO  o.eclipse.m2e.core.internal.Bundles - 	Entry: C:\software\eclipse-jee-2023-12-R-win32-x86_64\eclipse\plugins\org.eclipse.m2e.maven.runtime_3.9.500.20231113-2345\jars\maven-resolver-connector-basic-1.9.16.jar
2024-06-30 10:21:42,946 [Worker-33: Launching mavenrun-d003659b-c365-4879-bd79-c0778c98d398] INFO  o.eclipse.m2e.core.internal.Bundles - 	Entry: C:\software\eclipse-jee-2023-12-R-win32-x86_64\eclipse\plugins\org.eclipse.m2e.maven.runtime_3.9.500.20231113-2345\jars\maven-resolver-impl-1.9.16.jar
2024-06-30 10:21:42,947 [Worker-33: Launching mavenrun-d003659b-c365-4879-bd79-c0778c98d398] INFO  o.eclipse.m2e.core.internal.Bundles - 	Entry: C:\software\eclipse-jee-2023-12-R-win32-x86_64\eclipse\plugins\org.eclipse.m2e.maven.runtime_3.9.500.20231113-2345\jars\maven-resolver-named-locks-1.9.16.jar
2024-06-30 10:21:42,947 [Worker-33: Launching mavenrun-d003659b-c365-4879-bd79-c0778c98d398] INFO  o.eclipse.m2e.core.internal.Bundles - 	Entry: C:\software\eclipse-jee-2023-12-R-win32-x86_64\eclipse\plugins\org.eclipse.m2e.maven.runtime_3.9.500.20231113-2345\jars\maven-resolver-provider-3.9.5.jar
2024-06-30 10:21:42,948 [Worker-33: Launching mavenrun-d003659b-c365-4879-bd79-c0778c98d398] INFO  o.eclipse.m2e.core.internal.Bundles - 	Entry: C:\software\eclipse-jee-2023-12-R-win32-x86_64\eclipse\plugins\org.eclipse.m2e.maven.runtime_3.9.500.20231113-2345\jars\maven-resolver-spi-1.9.16.jar
2024-06-30 10:21:42,948 [Worker-33: Launching mavenrun-d003659b-c365-4879-bd79-c0778c98d398] INFO  o.eclipse.m2e.core.internal.Bundles - 	Entry: C:\software\eclipse-jee-2023-12-R-win32-x86_64\eclipse\plugins\org.eclipse.m2e.maven.runtime_3.9.500.20231113-2345\jars\maven-resolver-transport-file-1.9.16.jar
2024-06-30 10:21:42,948 [Worker-33: Launching mavenrun-d003659b-c365-4879-bd79-c0778c98d398] INFO  o.eclipse.m2e.core.internal.Bundles - 	Entry: C:\software\eclipse-jee-2023-12-R-win32-x86_64\eclipse\plugins\org.eclipse.m2e.maven.runtime_3.9.500.20231113-2345\jars\maven-resolver-transport-http-1.9.16.jar
2024-06-30 10:21:42,948 [Worker-33: Launching mavenrun-d003659b-c365-4879-bd79-c0778c98d398] INFO  o.eclipse.m2e.core.internal.Bundles - 	Entry: C:\software\eclipse-jee-2023-12-R-win32-x86_64\eclipse\plugins\org.eclipse.m2e.maven.runtime_3.9.500.20231113-2345\jars\maven-resolver-transport-wagon-1.9.16.jar
2024-06-30 10:21:42,948 [Worker-33: Launching mavenrun-d003659b-c365-4879-bd79-c0778c98d398] INFO  o.eclipse.m2e.core.internal.Bundles - 	Entry: C:\software\eclipse-jee-2023-12-R-win32-x86_64\eclipse\plugins\org.eclipse.m2e.maven.runtime_3.9.500.20231113-2345\jars\maven-resolver-util-1.9.16.jar
2024-06-30 10:21:42,949 [Worker-33: Launching mavenrun-d003659b-c365-4879-bd79-c0778c98d398] INFO  o.eclipse.m2e.core.internal.Bundles - 	Entry: C:\software\eclipse-jee-2023-12-R-win32-x86_64\eclipse\plugins\org.eclipse.m2e.maven.runtime_3.9.500.20231113-2345\jars\maven-settings-3.9.5.jar
2024-06-30 10:21:42,949 [Worker-33: Launching mavenrun-d003659b-c365-4879-bd79-c0778c98d398] INFO  o.eclipse.m2e.core.internal.Bundles - 	Entry: C:\software\eclipse-jee-2023-12-R-win32-x86_64\eclipse\plugins\org.eclipse.m2e.maven.runtime_3.9.500.20231113-2345\jars\maven-settings-builder-3.9.5.jar
2024-06-30 10:21:42,949 [Worker-33: Launching mavenrun-d003659b-c365-4879-bd79-c0778c98d398] INFO  o.eclipse.m2e.core.internal.Bundles - 	Entry: C:\software\eclipse-jee-2023-12-R-win32-x86_64\eclipse\plugins\org.eclipse.m2e.maven.runtime_3.9.500.20231113-2345\jars\maven-shared-utils-3.3.4.jar
2024-06-30 10:21:42,949 [Worker-33: Launching mavenrun-d003659b-c365-4879-bd79-c0778c98d398] INFO  o.eclipse.m2e.core.internal.Bundles - 	Entry: C:\software\eclipse-jee-2023-12-R-win32-x86_64\eclipse\plugins\org.eclipse.m2e.maven.runtime_3.9.500.20231113-2345\jars\org.eclipse.sisu.inject-0.3.5.jar
2024-06-30 10:21:42,949 [Worker-33: Launching mavenrun-d003659b-c365-4879-bd79-c0778c98d398] INFO  o.eclipse.m2e.core.internal.Bundles - 	Entry: C:\software\eclipse-jee-2023-12-R-win32-x86_64\eclipse\plugins\org.eclipse.m2e.maven.runtime_3.9.500.20231113-2345\jars\org.eclipse.sisu.plexus-0.3.5.jar
2024-06-30 10:21:42,949 [Worker-33: Launching mavenrun-d003659b-c365-4879-bd79-c0778c98d398] INFO  o.eclipse.m2e.core.internal.Bundles - 	Entry: C:\software\eclipse-jee-2023-12-R-win32-x86_64\eclipse\plugins\org.eclipse.m2e.maven.runtime_3.9.500.20231113-2345\jars\plexus-build-api-0.0.7.jar
2024-06-30 10:21:42,949 [Worker-33: Launching mavenrun-d003659b-c365-4879-bd79-c0778c98d398] INFO  o.eclipse.m2e.core.internal.Bundles - 	Entry: C:\software\eclipse-jee-2023-12-R-win32-x86_64\eclipse\plugins\org.eclipse.m2e.maven.runtime_3.9.500.20231113-2345\jars\plexus-cipher-2.0.jar
2024-06-30 10:21:42,950 [Worker-33: Launching mavenrun-d003659b-c365-4879-bd79-c0778c98d398] INFO  o.eclipse.m2e.core.internal.Bundles - 	Entry: C:\software\eclipse-jee-2023-12-R-win32-x86_64\eclipse\plugins\org.eclipse.m2e.maven.runtime_3.9.500.20231113-2345\jars\plexus-classworlds-2.7.0.jar
2024-06-30 10:21:42,950 [Worker-33: Launching mavenrun-d003659b-c365-4879-bd79-c0778c98d398] INFO  o.eclipse.m2e.core.internal.Bundles - 	Entry: C:\software\eclipse-jee-2023-12-R-win32-x86_64\eclipse\plugins\org.eclipse.m2e.maven.runtime_3.9.500.20231113-2345\jars\plexus-component-annotations-2.1.0.jar
2024-06-30 10:21:42,950 [Worker-33: Launching mavenrun-d003659b-c365-4879-bd79-c0778c98d398] INFO  o.eclipse.m2e.core.internal.Bundles - 	Entry: C:\software\eclipse-jee-2023-12-R-win32-x86_64\eclipse\plugins\org.eclipse.m2e.maven.runtime_3.9.500.20231113-2345\jars\plexus-interpolation-1.26.jar
2024-06-30 10:21:42,950 [Worker-33: Launching mavenrun-d003659b-c365-4879-bd79-c0778c98d398] INFO  o.eclipse.m2e.core.internal.Bundles - 	Entry: C:\software\eclipse-jee-2023-12-R-win32-x86_64\eclipse\plugins\org.eclipse.m2e.maven.runtime_3.9.500.20231113-2345\jars\plexus-sec-dispatcher-2.0.jar
2024-06-30 10:21:42,950 [Worker-33: Launching mavenrun-d003659b-c365-4879-bd79-c0778c98d398] INFO  o.eclipse.m2e.core.internal.Bundles - 	Entry: C:\software\eclipse-jee-2023-12-R-win32-x86_64\eclipse\plugins\org.eclipse.m2e.maven.runtime_3.9.500.20231113-2345\jars\plexus-utils-3.5.1.jar
2024-06-30 10:21:42,950 [Worker-33: Launching mavenrun-d003659b-c365-4879-bd79-c0778c98d398] INFO  o.eclipse.m2e.core.internal.Bundles - 	Entry: C:\software\eclipse-jee-2023-12-R-win32-x86_64\eclipse\plugins\org.eclipse.m2e.maven.runtime_3.9.500.20231113-2345\jars\wagon-file-3.5.3.jar
2024-06-30 10:21:42,951 [Worker-33: Launching mavenrun-d003659b-c365-4879-bd79-c0778c98d398] INFO  o.eclipse.m2e.core.internal.Bundles - 	Entry: C:\software\eclipse-jee-2023-12-R-win32-x86_64\eclipse\plugins\org.eclipse.m2e.maven.runtime_3.9.500.20231113-2345\jars\wagon-http-3.5.3.jar
2024-06-30 10:21:42,951 [Worker-33: Launching mavenrun-d003659b-c365-4879-bd79-c0778c98d398] INFO  o.eclipse.m2e.core.internal.Bundles - 	Entry: C:\software\eclipse-jee-2023-12-R-win32-x86_64\eclipse\plugins\org.eclipse.m2e.maven.runtime_3.9.500.20231113-2345\jars\wagon-http-shared-3.5.3.jar
2024-06-30 10:21:42,951 [Worker-33: Launching mavenrun-d003659b-c365-4879-bd79-c0778c98d398] INFO  o.eclipse.m2e.core.internal.Bundles - 	Entry: C:\software\eclipse-jee-2023-12-R-win32-x86_64\eclipse\plugins\org.eclipse.m2e.maven.runtime_3.9.500.20231113-2345\jars\wagon-provider-api-3.5.3.jar
2024-06-30 10:21:42,951 [Worker-33: Launching mavenrun-d003659b-c365-4879-bd79-c0778c98d398] INFO  o.eclipse.m2e.core.internal.Bundles - getClasspathEntries(Bundle=com.google.guava_32.1.3.jre [12])
2024-06-30 10:21:42,952 [Worker-33: Launching mavenrun-d003659b-c365-4879-bd79-c0778c98d398] INFO  o.eclipse.m2e.core.internal.Bundles - 	Entry: C:\software\eclipse-jee-2023-12-R-win32-x86_64\eclipse\plugins\com.google.guava_32.1.3.jre.jar
2024-06-30 10:21:42,952 [Worker-33: Launching mavenrun-d003659b-c365-4879-bd79-c0778c98d398] INFO  o.eclipse.m2e.core.internal.Bundles - getClasspathEntries(Bundle=slf4j.api_2.0.9 [989])
2024-06-30 10:21:42,952 [Worker-33: Launching mavenrun-d003659b-c365-4879-bd79-c0778c98d398] INFO  o.eclipse.m2e.core.internal.Bundles - 	Entry: C:\software\eclipse-jee-2023-12-R-win32-x86_64\eclipse\plugins\slf4j.api_2.0.9.jar
2024-06-30 10:21:42,952 [Worker-33: Launching mavenrun-d003659b-c365-4879-bd79-c0778c98d398] INFO  o.eclipse.m2e.core.internal.Bundles - getClasspathEntries(Bundle=jakarta.inject.jakarta.inject-api_1.0.5 [29])
2024-06-30 10:21:42,952 [Worker-33: Launching mavenrun-d003659b-c365-4879-bd79-c0778c98d398] INFO  o.eclipse.m2e.core.internal.Bundles - 	Entry: C:\software\eclipse-jee-2023-12-R-win32-x86_64\eclipse\plugins\jakarta.inject.jakarta.inject-api_1.0.5.jar
2024-06-30 10:21:42,953 [Worker-33: Launching mavenrun-d003659b-c365-4879-bd79-c0778c98d398] INFO  o.eclipse.m2e.core.internal.Bundles - getClasspathEntries(Bundle=jakarta.annotation-api_1.3.5 [24])
2024-06-30 10:21:42,953 [Worker-33: Launching mavenrun-d003659b-c365-4879-bd79-c0778c98d398] INFO  o.eclipse.m2e.core.internal.Bundles - 	Entry: C:\software\eclipse-jee-2023-12-R-win32-x86_64\eclipse\plugins\jakarta.annotation-api_1.3.5.jar
2024-06-30 10:21:42,953 [Worker-33: Launching mavenrun-d003659b-c365-4879-bd79-c0778c98d398] INFO  o.eclipse.m2e.core.internal.Bundles - getClasspathEntries(Bundle=org.apache.commons.cli_1.6.0 [71])
2024-06-30 10:21:42,953 [Worker-33: Launching mavenrun-d003659b-c365-4879-bd79-c0778c98d398] INFO  o.eclipse.m2e.core.internal.Bundles - 	Entry: C:\software\eclipse-jee-2023-12-R-win32-x86_64\eclipse\plugins\org.apache.commons.cli_1.6.0.jar
2024-06-30 10:21:42,953 [Worker-33: Launching mavenrun-d003659b-c365-4879-bd79-c0778c98d398] INFO  o.eclipse.m2e.core.internal.Bundles - getClasspathEntries(Bundle=org.apache.commons.commons-codec_1.16.0 [75])
2024-06-30 10:21:42,953 [Worker-33: Launching mavenrun-d003659b-c365-4879-bd79-c0778c98d398] INFO  o.eclipse.m2e.core.internal.Bundles - 	Entry: C:\software\eclipse-jee-2023-12-R-win32-x86_64\eclipse\plugins\org.apache.commons.commons-codec_1.16.0.jar
2024-06-30 10:21:42,953 [Worker-33: Launching mavenrun-d003659b-c365-4879-bd79-c0778c98d398] INFO  o.eclipse.m2e.core.internal.Bundles - getClasspathEntries(Bundle=org.apache.commons.lang3_3.13.0 [82])
2024-06-30 10:21:42,954 [Worker-33: Launching mavenrun-d003659b-c365-4879-bd79-c0778c98d398] INFO  o.eclipse.m2e.core.internal.Bundles - 	Entry: C:\software\eclipse-jee-2023-12-R-win32-x86_64\eclipse\plugins\org.apache.commons.lang3_3.13.0.jar
2024-06-30 10:21:42,954 [Worker-33: Launching mavenrun-d003659b-c365-4879-bd79-c0778c98d398] INFO  o.eclipse.m2e.core.internal.Bundles - getClasspathEntries(Bundle=com.google.guava.failureaccess_1.0.2 [13])
2024-06-30 10:21:42,954 [Worker-33: Launching mavenrun-d003659b-c365-4879-bd79-c0778c98d398] INFO  o.eclipse.m2e.core.internal.Bundles - 	Entry: C:\software\eclipse-jee-2023-12-R-win32-x86_64\eclipse\plugins\com.google.guava.failureaccess_1.0.2.jar
2024-06-30 10:21:42,956 [Worker-33: Launching mavenrun-d003659b-c365-4879-bd79-c0778c98d398] INFO  o.e.m.i.launch.MavenLaunchDelegate - Run build in "C:\Users\asmin\AppData\Local\Temp\m2e-archetypeGenerator18288584485885919550":
2024-06-30 10:21:42,958 [Worker-33: Launching mavenrun-d003659b-c365-4879-bd79-c0778c98d398] INFO  o.e.m.i.launch.MavenLaunchDelegate -  mvn  -DarchetypeGroupId=org.apache.maven.archetypes -DarchetypeArtifactId=maven-archetype-quickstart -DarchetypeVersion=1.1 -DgroupId=com.asmin.test -DartifactId=Test -Dversion=0.0.1-SNAPSHOT -Dpackage=com.asmin.test.Test -DoutputDirectory=D:\Ecllipse\HIBERNATE -Dstyle.color=always -U archetype:generate
2024-06-30 16:19:04,806 [Worker-4: Loading available Gradle versions] INFO  o.e.b.c.i.u.g.PublishedGradleVersions - Gradle version information cache is out-of-date. Trying to update.
2024-06-30 16:19:05,239 [Worker-4: Loading available Gradle versions] INFO  o.e.b.c.i.u.g.PublishedGradleVersions - Updating Gradle version information cache failed. Using outdated cache.
2024-06-30 18:50:38,632 [Worker-5: Loading available Gradle versions] INFO  o.e.b.c.i.u.g.PublishedGradleVersions - Gradle version information cache is out-of-date. Trying to update.
2024-06-30 18:50:39,116 [Worker-5: Loading available Gradle versions] INFO  o.e.b.c.i.u.g.PublishedGradleVersions - Updating Gradle version information cache failed. Using outdated cache.
2024-07-01 10:21:31,175 [Worker-1: Loading available Gradle versions] INFO  o.e.b.c.i.u.g.PublishedGradleVersions - Gradle version information cache is out-of-date. Trying to update.
2024-07-01 11:35:29,376 [Worker-7: Loading available Gradle versions] INFO  o.e.b.c.i.u.g.PublishedGradleVersions - Gradle version information cache is up-to-date. Trying to read.
2024-07-01 19:15:00,043 [Worker-5: Loading available Gradle versions] INFO  o.e.b.c.i.u.g.PublishedGradleVersions - Gradle version information cache is up-to-date. Trying to read.
2024-07-02 09:58:46,857 [Worker-17: Loading available Gradle versions] INFO  o.e.b.c.i.u.g.PublishedGradleVersions - Gradle version information cache is up-to-date. Trying to read.
2024-07-02 14:05:45,600 [Worker-7: Loading available Gradle versions] INFO  o.e.b.c.i.u.g.PublishedGradleVersions - Gradle version information cache is out-of-date. Trying to update.
2024-07-02 14:05:45,801 [Worker-7: Loading available Gradle versions] INFO  o.e.b.c.i.u.g.PublishedGradleVersions - Updating Gradle version information cache failed. Using outdated cache.
